Flutter crash report.
Please report a bug at https://github.com/flutter/flutter/issues.

## command

flutter run

## exception

StdinException: StdinException: Error setting terminal line mode, OS Error: The handle is invalid.
, errno = 6

```
#0      Stdin.lineMode= (dart:io-patch/stdio_patch.dart:105:7)
#1      AnsiTerminal.singleCharMode= (package:flutter_tools/src/base/terminal.dart:257:13)
#2      TerminalHandler._cleanUp (package:flutter_tools/src/resident_runner.dart:1619:15)
#3      TerminalHandler.processTerminalInput (package:flutter_tools/src/resident_runner.dart:1595:13)
#4      _asyncErrorWrapperHelper.errorCallback (dart:async-patch/async_patch.dart:91:64)
#5      _rootRunBinary (dart:async/zone.dart:1214:47)
#6      _CustomZone.runBinary (dart:async/zone.dart:1107:19)
#7      _FutureListener.handleError (dart:async/future_impl.dart:157:20)
#8      Future._propagateToListeners.handleError (dart:async/future_impl.dart:708:47)
#9      Future._propagateToListeners (dart:async/future_impl.dart:729:24)
#10     Future._completeError (dart:async/future_impl.dart:537:5)
#11     _AsyncAwaitCompleter.completeError (dart:async-patch/async_patch.dart:47:15)
#12     ResidentRunner.debugDumpRenderTree (package:flutter_tools/src/resident_runner.dart)
#13     _asyncErrorWrapperHelper.errorCallback (dart:async-patch/async_patch.dart:91:64)
#14     _rootRunBinary (dart:async/zone.dart:1214:47)
#15     _CustomZone.runBinary (dart:async/zone.dart:1107:19)
#16     _FutureListener.handleError (dart:async/future_impl.dart:157:20)
#17     Future._propagateToListeners.handleError (dart:async/future_impl.dart:708:47)
#18     Future._propagateToListeners (dart:async/future_impl.dart:729:24)
#19     Future._completeError (dart:async/future_impl.dart:537:5)
#20     _AsyncAwaitCompleter.completeError (dart:async-patch/async_patch.dart:47:15)
#21     FlutterDevice.debugDumpRenderTree (package:flutter_tools/src/resident_runner.dart)
#22     _asyncErrorWrapperHelper.errorCallback (dart:async-patch/async_patch.dart:91:64)
#23     _rootRunBinary (dart:async/zone.dart:1214:47)
#24     _CustomZone.runBinary (dart:async/zone.dart:1107:19)
#25     _FutureListener.handleError (dart:async/future_impl.dart:157:20)
#26     Future._propagateToListeners.handleError (dart:async/future_impl.dart:708:47)
#27     Future._propagateToListeners (dart:async/future_impl.dart:729:24)
#28     Future._completeError (dart:async/future_impl.dart:537:5)
#29     _AsyncAwaitCompleter.completeError (dart:async-patch/async_patch.dart:47:15)
#30     FlutterVmService.invokeFlutterExtensionRpcRaw (package:flutter_tools/src/vmservice.dart)
#31     _asyncErrorWrapperHelper.errorCallback (dart:async-patch/async_patch.dart:91:64)
#32     _rootRunBinary (dart:async/zone.dart:1214:47)
#33     _CustomZone.runBinary (dart:async/zone.dart:1107:19)
#34     _FutureListener.handleError (dart:async/future_impl.dart:157:20)
#35     Future._propagateToListeners.handleError (dart:async/future_impl.dart:708:47)
#36     Future._propagateToListeners (dart:async/future_impl.dart:729:24)
#37     Future._completeError (dart:async/future_impl.dart:537:5)
#38     Future._asyncCompleteError.<anonymous closure> (dart:async/future_impl.dart:593:7)
#39     _rootRun (dart:async/zone.dart:1190:13)
#40     _CustomZone.run (dart:async/zone.dart:1093:19)
#41     _CustomZone.runGuarded (dart:async/zone.dart:997:7)
#42     _CustomZone.bindCallbackGuarded.<anonymous closure> (dart:async/zone.dart:1037:23)
#43     _microtaskLoop (dart:async/schedule_microtask.dart:41:21)
#44     _startMicrotaskLoop (dart:async/schedule_microtask.dart:50:5)
#45     _runPendingImmediateCallback (dart:isolate-patch/isolate_patch.dart:118:13)
#46     _RawReceivePortImpl._handleMessage (dart:isolate-patch/isolate_patch.dart:169:5)
```

## flutter doctor

```
[✓] Flutter (Channel beta, 1.23.0-18.1.pre, on Microsoft Windows [Version 10.0.18363.1198], locale en-US)
    • Flutter version 1.23.0-18.1.pre at C:\Users\mstar\OneDrive\Desktop\flutter
    • Framework revision 198df796aa (7 weeks ago), 2020-10-15 12:04:33 -0700
    • Engine revision 1d12d82d9c
    • Dart version 2.11.0 (build 2.11.0-213.1.beta)

[✓] Android toolchain - develop for Android devices (Android SDK version 29.0.3)
    • Android SDK at C:\Users\mstar\AppData\Local\Android\sdk
    • Platform android-29, build-tools 29.0.3
    • Java binary at: C:\Program Files\Android\Android Studio\jre\bin\java
    • Java version OpenJDK Runtime Environment (build 1.8.0_242-release-1644-b01)
    • All Android licenses accepted.

[✓] Chrome - develop for the web
    • Chrome at C:\Program Files (x86)\Google\Chrome\Application\chrome.exe

[✓] Android Studio (version 4.1.0)
    • Android Studio at C:\Program Files\Android\Android Studio
    • Flutter plugin can be installed from:
      🔨 https://plugins.jetbrains.com/plugin/9212-flutter
    • Dart plugin can be installed from:
      🔨 https://plugins.jetbrains.com/plugin/6351-dart
    • Java version OpenJDK Runtime Environment (build 1.8.0_242-release-1644-b01)

[✓] IntelliJ IDEA Ultimate Edition (version 2019.2)
    • IntelliJ at C:\Program Files\JetBrains\IntelliJ IDEA 2019.2.2
    • Flutter plugin version 43.0.2
    • Dart plugin version 192.8052

[✓] VS Code (version 1.51.1)
    • VS Code at C:\Users\mstar\AppData\Local\Programs\Microsoft VS Code
    • Flutter extension version 3.16.0

[✓] Connected device (4 available)
    • sdk gphone x86 arm (mobile) • emulator-5554 • android-x86    • Android 11 (API 30) (emulator)
    • Web Server (web)            • web-server    • web-javascript • Flutter Tools
    • Chrome (web)                • chrome        • web-javascript • Google Chrome 86.0.4240.198
    • Edge (web)                  • edge          • web-javascript • Microsoft Edge 86.0.622.68

• No issues found!
```
